<?xml version="1.0" encoding="UTF-8"?>
<!-- Generated by org.testng.reporters.JUnitReportReporter -->
<testsuite hostname="MUTHULAKSHMI" failures="0" tests="1" name="com.TestCaseStudio.TestCaseStudioTest" time="28.354" errors="0" timestamp="2024-12-05T20:35:38 IST" skipped="0">
  <testcase classname="com.TestCaseStudio.TestCaseStudioTest" name="TestCaseRun" time="28.354"/>
</testsuite> <!-- com.TestCaseStudio.TestCaseStudioTest -->
